[2025-05-11 16:41:13] GET /index.html
[2025-05-11 16:41:14] GET /style.css
[2025-05-11 16:41:14] GET /script.js
[2025-05-11 16:41:36] GET /style.css
[2025-05-11 16:42:25] GET /etc.html
[2025-05-11 16:43:16] GET /index.html
[2025-05-11 16:43:16] GET /style.css
[2025-05-11 16:43:16] GET /script.js
[2025-05-11 16:43:26] GET /index.html
[2025-05-11 16:43:27] GET /script.js
[2025-05-11 16:43:27] GET /style.css
[2025-05-12 15:35:27] GET /index.html
[2025-05-12 15:35:27] GET /style.css
[2025-05-12 15:35:27] GET /script.js
[2025-05-12 15:50:05] GET /index.html
[2025-05-12 15:51:35] POST /post.html
[2025-05-14 16:59:29] GET /index.html
[2025-05-14 16:59:29] GET /style.css
[2025-05-14 16:59:29] GET /script.js
[2025-05-15 00:06:38] GET /index.html
[2025-05-15 00:06:39] GET /style.css
[2025-05-15 00:06:39] GET /script.js
[2025-05-15 00:06:53] GET /index.html
[2025-05-15 00:06:53] GET /style.css
[2025-05-15 00:06:53] GET /script.js
[2025-05-15 00:07:02] GET /style.css
[2025-05-15 00:08:22] GET /index.html
[2025-05-15 00:08:22] GET /style.css
[2025-05-15 00:08:22] GET /script.js
[2025-05-15 00:11:25] GET /hello
[2025-05-15 00:18:28] GET /index.html
[2025-05-15 00:18:29] GET /style.css
[2025-05-15 00:18:29] GET /script.js
[2025-05-15 00:49:38] GET /hello
[2025-05-15 00:52:41] GET /index.html
[2025-05-15 00:52:41] GET /style.css
[2025-05-15 00:52:41] GET /script.js
[2025-05-15 00:52:44] GET /hello
[2025-05-15 00:53:05] GET /time
[2025-05-15 00:54:28] GET /index.html
[2025-05-15 00:54:28] GET /style.css
[2025-05-15 00:54:28] GET /script.js
[2025-05-15 00:54:31] GET /time
[2025-05-15 00:58:38] GET /index.html
[2025-05-15 00:58:38] GET /style.css
[2025-05-15 00:58:38] GET /script.js
[2025-05-15 00:58:41] GET /time
